[0.00001] [Notice] Creating database scheme
[0.96994] [Notice] Redirecting. Do not refresh the page!
[0.00000] [Notice] Importing data
[0.62581] [Notice] Redirecting. Do not refresh the page!
[0.00000] [Notice] Creating demo
[0.91369] [Notice] Redirecting. Do not refresh the page!
[0.00000] [Notice] Installing additional language en
[0.48804] [Notice] Installing additional language en
[0.87242] [Notice] Redirecting. Do not refresh the page!
[0.00000] [Warning] The specified database is not empty. Overwrite?Yes 
[0.00000] [Warning] The specified database is not empty. Overwrite?Yes 
[3.20267] [Notice] Creating database scheme
[4.63103] [Notice] Redirecting. Do not refresh the page!
[0.00000] [Notice] Importing data
[0.65445] [Notice] Redirecting. Do not refresh the page!
[0.00000] [Notice] Creating demo
[0.94112] [Notice] Redirecting. Do not refresh the page!
[0.00000] [Notice] Installing additional language en
[0.49893] [Notice] Installing additional language en
[0.91095] [Notice] Redirecting. Do not refresh the page!
[0.00000] [Warning] The specified database is not empty. Overwrite?Yes 
[0.00000] [Warning] The specified database is not empty. Overwrite?Yes 
[3.36498] [Notice] Creating database scheme
[4.90833] [Notice] Redirecting. Do not refresh the page!
[0.00000] [Notice] Importing data
[0.77300] [Notice] Redirecting. Do not refresh the page!
[0.00001] [Notice] Creating demo
[1.09819] [Notice] Redirecting. Do not refresh the page!
[0.00002] [Notice] Installing additional language en
[0.66696] [Notice] Installing additional language en
[1.26154] [Notice] Redirecting. Do not refresh the page!
